<?xml version="1.0" encoding="UTF-8"?>
<!-- Generated by org.testng.reporters.JUnitReportReporter -->
<testsuite hostname="PWLAP2566" failures="0" tests="1" name="Test_cases.TC_01_term" time="13.593" errors="0" timestamp="2023-09-27T13:29:02 IST" skipped="0">
  <testcase classname="Test_cases.TC_01_term" name="setup" time="13.593"/>
</testsuite> <!-- Test_cases.TC_01_term -->
