<?xml version="1.0" encoding="UTF-8"?>
<!-- Generated by org.testng.reporters.JUnitReportReporter -->
<testsuite hostname="PWLAP2566" failures="0" tests="1" name="testCases.TC_01" time="21.204" errors="0" timestamp="2023-09-26T12:02:36 IST" skipped="0">
  <testcase classname="testCases.TC_01" name="userinput" time="21.204"/>
</testsuite> <!-- testCases.TC_01 -->
